<?xml version="1.0" encoding="UTF-8"?>
<!-- Generated by org.testng.reporters.JUnitReportReporter -->
<testsuite skipped="0" hostname="DESKTOP-Q829RRG" name="com.app.UserLoginTest" tests="1" failures="0" timestamp="2022-10-21T12:53:14 IST" time="16.036" errors="0">
  <testcase name="f" time="16.036" classname="com.app.UserLoginTest"/>
  <system-out/>
</testsuite> <!-- com.app.UserLoginTest -->
