<?xml version="1.0" encoding="UTF-8"?>
<!-- Generated by org.testng.reporters.JUnitReportReporter -->
<testsuite skipped="0" hostname="DESKTOP-Q829RRG" name="com.app.AdminLoginTest" tests="1" failures="0" timestamp="2022-10-21T12:56:12 IST" time="7.380" errors="0">
  <testcase name="f" time="7.380" classname="com.app.AdminLoginTest"/>
  <system-out/>
</testsuite> <!-- com.app.AdminLoginTest -->
